#
# There is insufficient memory for the Java Runtime Environment to continue.
# Native memory allocation (malloc) failed to allocate 975584 bytes. Error detail: Chunk::new
# Possible reasons:
#   The system is out of physical RAM or swap space
#   This process is running with CompressedOops enabled, and the Java Heap may be blocking the growth of the native heap
# Possible solutions:
#   Reduce memory load on the system
#   Increase physical memory or swap space
#   Check if swap backing store is full
#   Decrease Java heap size (-Xmx/-Xms)
#   Decrease number of Java threads
#   Decrease Java thread stack sizes (-Xss)
#   Set larger code cache with -XX:ReservedCodeCacheSize=
#   JVM is running with Unscaled Compressed Oops mode in which the Java heap is
#     placed in the first 4GB address space. The Java Heap base address is the
#     maximum limit for the native heap growth. Please use -XX:HeapBaseMinAddress
#     to set the Java Heap base and to place the Java Heap above 4GB virtual address.
# This output file may be truncated or incomplete.
#
#  Out of Memory Error (arena.cpp:168), pid=30200, tid=26324
#
# JRE version: OpenJDK Runtime Environment Temurin-21.0.6+7 (21.0.6+7) (build 21.0.6+7-LTS)
# Java VM: OpenJDK 64-Bit Server VM Temurin-21.0.6+7 (21.0.6+7-LTS, mixed mode, sharing, tiered, compressed oops, compressed class ptrs, parallel gc, windows-amd64)
# No core dump will be written. Minidumps are not enabled by default on client versions of Windows
#

---------------  S U M M A R Y ------------

Command Line: --add-modules=ALL-SYSTEM --add-opens=java.base/java.util=ALL-UNNAMED --add-opens=java.base/java.lang=ALL-UNNAMED --add-opens=java.base/sun.nio.fs=ALL-UNNAMED -Declipse.application=org.eclipse.jdt.ls.core.id1 -Dosgi.bundles.defaultStartLevel=4 -Declipse.product=org.eclipse.jdt.ls.core.product -Djava.import.generatesMetadataFilesAtProjectRoot=false -DDetectVMInstallationsJob.disabled=true -Dfile.encoding=utf8 -XX:+UseParallelGC -XX:GCTimeRatio=4 -XX:AdaptiveSizePolicyWeight=90 -Dsun.zip.disableMemoryMapping=true -Xmx1G -Xms100m -Xlog:disable -javaagent:c:\Users\jose1\.vscode\extensions\redhat.java-1.41.1-win32-x64\lombok\lombok-1.18.36.jar -XX:+HeapDumpOnOutOfMemoryError -XX:HeapDumpPath=c:\Users\jose1\AppData\Roaming\Code\User\workspaceStorage\494390579f3a58d6098e769e5fd2aba9\redhat.java -Daether.dependencyCollector.impl=bf c:\Users\jose1\.vscode\extensions\redhat.java-1.41.1-win32-x64\server\plugins\org.eclipse.equinox.launcher_1.7.0.v20250331-1702.jar -configuration c:\Users\jose1\AppData\Roaming\Code\User\globalStorage\redhat.java\1.41.1\config_win -data c:\Users\jose1\AppData\Roaming\Code\User\workspaceStorage\494390579f3a58d6098e769e5fd2aba9\redhat.java\jdt_ws --pipe=\\.\pipe\lsp-6d00950f77a4de9d29050ccb2ce0c03a-sock

Host: 13th Gen Intel(R) Core(TM) i7-13700H, 20 cores, 15G,  Windows 11 , 64 bit Build 22621 (10.0.22621.5124)
Time: Mon May  5 23:11:31 2025 India Standard Time elapsed time: 3.915577 seconds (0d 0h 0m 3s)

---------------  T H R E A D  ---------------

Current thread (0x00000210f75a5530):  JavaThread "C2 CompilerThread2" daemon [_thread_in_native, id=26324, stack(0x0000004dc9500000,0x0000004dc9600000) (1024K)]


Current CompileTask:
C2:3915 6923 %     4       org.eclipse.jdt.internal.core.search.indexing.BinaryIndexer::extractReferenceFromConstantPool @ 155 (358 bytes)

Stack: [0x0000004dc9500000,0x0000004dc9600000]
Native frames: (J=compiled Java code, j=interpreted, Vv=VM code, C=native code)
V  [jvm.dll+0x6cdee9]
V  [jvm.dll+0x8a83d1]
V  [jvm.dll+0x8aa8fe]
V  [jvm.dll+0x8aafe3]
V  [jvm.dll+0x27f706]
V  [jvm.dll+0xc500d]
V  [jvm.dll+0xc5543]
V  [jvm.dll+0x3b678c]
V  [jvm.dll+0x1dfc8a]
V  [jvm.dll+0x247b42]
V  [jvm.dll+0x246fcf]
V  [jvm.dll+0x1c75ee]
V  [jvm.dll+0x25685a]
V  [jvm.dll+0x254dfa]
V  [jvm.dll+0x3f0256]
V  [jvm.dll+0x851f8b]
V  [jvm.dll+0x6cc5ed]
C  [ucrtbase.dll+0x29333]
C  [KERNEL32.DLL+0x1259d]
C  [ntdll.dll+0x5af38]


---------------  P R O C E S S  ---------------

Threads class SMR info:
_java_thread_list=0x00000210f88580c0, length=60, elements={
0x00000210987e00e0, 0x00000210acbcd4a0, 0x00000210ef3db3a0, 0x00000210ef3ddab0,
0x00000210ef3e0c70, 0x00000210ef3deca0, 0x00000210ef3ebbc0, 0x00000210ef3f3e10,
0x00000210ef3f64c0, 0x00000210ef4876b0, 0x00000210ef3eb530, 0x00000210ef6a0620,
0x00000210ef6b3150, 0x00000210ef3ec250, 0x00000210ef3e9af0, 0x00000210ef3ec8e0,
0x00000210ef3eaea0, 0x00000210ef3ea180, 0x00000210ef3ecf70, 0x00000210ef3ea810,
0x00000210f6858f40, 0x00000210f6852640, 0x00000210f6852cd0, 0x00000210f6854710,
0x00000210f6851fb0, 0x00000210f698ede0, 0x00000210f75a5530, 0x00000210f68539f0,
0x00000210f6857500, 0x00000210f6853360, 0x00000210f8873730, 0x00000210f68567e0,
0x00000210f6854da0, 0x00000210f6854080, 0x00000210f6855430, 0x00000210f68588b0,
0x00000210f6856e70, 0x00000210f6855ac0, 0x00000210f6856150, 0x00000210f6857b90,
0x00000210f6858220, 0x00000210f68595d0, 0x00000210f949e8d0, 0x00000210f949ef60,
0x00000210f949c800, 0x00000210f949adc0, 0x00000210f9497fd0, 0x00000210f9499a10,
0x00000210f949e240, 0x00000210f9498cf0, 0x00000210f949d520, 0x00000210f9498660,
0x00000210f949f5f0, 0x00000210f84e0d50, 0x00000210f84e13f0, 0x00000210f976e700,
0x00000210fa64e730, 0x00000210f9499380, 0x00000210f949a0a0, 0x00000210f949ce90
}

Java Threads: ( => current thread )
  0x00000210987e00e0 JavaThread "main"                              [_thread_blocked, id=30224, stack(0x0000004dc6a00000,0x0000004dc6b00000) (1024K)]
  0x00000210acbcd4a0 JavaThread "Reference Handler"          daemon [_thread_blocked, id=30180, stack(0x0000004dc6e00000,0x0000004dc6f00000) (1024K)]
  0x00000210ef3db3a0 JavaThread "Finalizer"                  daemon [_thread_blocked, id=30176, stack(0x0000004dc6f00000,0x0000004dc7000000) (1024K)]
  0x00000210ef3ddab0 JavaThread "Signal Dispatcher"          daemon [_thread_blocked, id=30172, stack(0x0000004dc7000000,0x0000004dc7100000) (1024K)]
  0x00000210ef3e0c70 JavaThread "Attach Listener"            daemon [_thread_blocked, id=30168, stack(0x0000004dc7100000,0x0000004dc7200000) (1024K)]
  0x00000210ef3deca0 JavaThread "Service Thread"             daemon [_thread_blocked, id=30120, stack(0x0000004dc7200000,0x0000004dc7300000) (1024K)]
  0x00000210ef3ebbc0 JavaThread "Monitor Deflation Thread"   daemon [_thread_blocked, id=30160, stack(0x0000004dc7300000,0x0000004dc7400000) (1024K)]
  0x00000210ef3f3e10 JavaThread "C2 CompilerThread0"         daemon [_thread_in_native, id=30156, stack(0x0000004dc7400000,0x0000004dc7500000) (1024K)]
  0x00000210ef3f64c0 JavaThread "C1 CompilerThread0"         daemon [_thread_blocked, id=30152, stack(0x0000004dc7500000,0x0000004dc7600000) (1024K)]
  0x00000210ef4876b0 JavaThread "C1 CompilerThread1"         daemon [_thread_blocked, id=30164, stack(0x0000004dc7600000,0x0000004dc7700000) (1024K)]
  0x00000210ef3eb530 JavaThread "Common-Cleaner"             daemon [_thread_blocked, id=30148, stack(0x0000004dc7700000,0x0000004dc7800000) (1024K)]
  0x00000210ef6a0620 JavaThread "C1 CompilerThread2"         daemon [_thread_blocked, id=30232, stack(0x0000004dc7900000,0x0000004dc7a00000) (1024K)]
  0x00000210ef6b3150 JavaThread "C1 CompilerThread3"         daemon [_thread_blocked, id=30116, stack(0x0000004dc7a00000,0x0000004dc7b00000) (1024K)]
  0x00000210ef3ec250 JavaThread "Notification Thread"        daemon [_thread_blocked, id=22756, stack(0x0000004dc7b00000,0x0000004dc7c00000) (1024K)]
  0x00000210ef3e9af0 JavaThread "Active Thread: Equinox Container: 949fd615-6db9-4f39-863a-cf5d785e5bf0"        [_thread_blocked, id=17800, stack(0x0000004dc8400000,0x0000004dc8500000) (1024K)]
  0x00000210ef3ec8e0 JavaThread "Refresh Thread: Equinox Container: 949fd615-6db9-4f39-863a-cf5d785e5bf0" daemon [_thread_blocked, id=29172, stack(0x0000004dc8600000,0x0000004dc8700000) (1024K)]
  0x00000210ef3eaea0 JavaThread "Framework Event Dispatcher: Equinox Container: 949fd615-6db9-4f39-863a-cf5d785e5bf0" daemon [_thread_blocked, id=29180, stack(0x0000004dc8700000,0x0000004dc8800000) (1024K)]
  0x00000210ef3ea180 JavaThread "Start Level: Equinox Container: 949fd615-6db9-4f39-863a-cf5d785e5bf0" daemon [_thread_blocked, id=29176, stack(0x0000004dc8800000,0x0000004dc8900000) (1024K)]
  0x00000210ef3ecf70 JavaThread "Bundle File Closer"         daemon [_thread_blocked, id=29148, stack(0x0000004dc8900000,0x0000004dc8a00000) (1024K)]
  0x00000210ef3ea810 JavaThread "SCR Component Actor"        daemon [_thread_blocked, id=27596, stack(0x0000004dc8d00000,0x0000004dc8e00000) (1024K)]
  0x00000210f6858f40 JavaThread "SCR Component Registry"     daemon [_thread_blocked, id=18268, stack(0x0000004dc8e00000,0x0000004dc8f00000) (1024K)]
  0x00000210f6852640 JavaThread "Worker-JM"                         [_thread_blocked, id=19604, stack(0x0000004dc9100000,0x0000004dc9200000) (1024K)]
  0x00000210f6852cd0 JavaThread "JNA Cleaner"                daemon [_thread_blocked, id=14592, stack(0x0000004dc7800000,0x0000004dc7900000) (1024K)]
  0x00000210f6854710 JavaThread "Worker-0: Java indexing... "        [_thread_blocked, id=4404, stack(0x0000004dc7c00000,0x0000004dc7d00000) (1024K)]
  0x00000210f6851fb0 JavaThread "Worker-1"                          [_thread_blocked, id=25224, stack(0x0000004dc7d00000,0x0000004dc7e00000) (1024K)]
  0x00000210f698ede0 JavaThread "C2 CompilerThread1"         daemon [_thread_in_native, id=24400, stack(0x0000004dc9400000,0x0000004dc9500000) (1024K)]
=>0x00000210f75a5530 JavaThread "C2 CompilerThread2"         daemon [_thread_in_native, id=26324, stack(0x0000004dc9500000,0x0000004dc9600000) (1024K)]
  0x00000210f68539f0 JavaThread "Java indexing"              daemon [_thread_blocked, id=6500, stack(0x0000004dc9600000,0x0000004dc9700000) (1024K)]
  0x00000210f6857500 JavaThread "Worker-2: Repository registry initialization"        [_thread_blocked, id=23928, stack(0x0000004dc9700000,0x0000004dc9800000) (1024K)]
  0x00000210f6853360 JavaThread "Worker-3: Building"                [_thread_blocked, id=19216, stack(0x0000004dc9800000,0x0000004dc9900000) (1024K)]
  0x00000210f8873730 JavaThread "C2 CompilerThread3"         daemon [_thread_blocked, id=16180, stack(0x0000004dc9900000,0x0000004dc9a00000) (1024K)]
  0x00000210f68567e0 JavaThread "Thread-2"                   daemon [_thread_in_native, id=25208, stack(0x0000004dc9a00000,0x0000004dc9b00000) (1024K)]
  0x00000210f6854da0 JavaThread "Thread-3"                   daemon [_thread_in_native, id=2656, stack(0x0000004dc9b00000,0x0000004dc9c00000) (1024K)]
  0x00000210f6854080 JavaThread "Thread-4"                   daemon [_thread_in_native, id=8572, stack(0x0000004dc9c00000,0x0000004dc9d00000) (1024K)]
  0x00000210f6855430 JavaThread "Thread-5"                   daemon [_thread_in_native, id=30336, stack(0x0000004dc9d00000,0x0000004dc9e00000) (1024K)]
  0x00000210f68588b0 JavaThread "Thread-6"                   daemon [_thread_in_native, id=29412, stack(0x0000004dc9e00000,0x0000004dc9f00000) (1024K)]
  0x00000210f6856e70 JavaThread "Thread-7"                   daemon [_thread_in_native, id=29416, stack(0x0000004dc9f00000,0x0000004dca000000) (1024K)]
  0x00000210f6855ac0 JavaThread "Thread-8"                   daemon [_thread_in_native, id=29420, stack(0x0000004dca000000,0x0000004dca100000) (1024K)]
  0x00000210f6856150 JavaThread "Thread-9"                   daemon [_thread_in_native, id=29424, stack(0x0000004dca100000,0x0000004dca200000) (1024K)]
  0x00000210f6857b90 JavaThread "Thread-10"                  daemon [_thread_in_native, id=29428, stack(0x0000004dca200000,0x0000004dca300000) (1024K)]
  0x00000210f6858220 JavaThread "Thread-11"                  daemon [_thread_in_native, id=29432, stack(0x0000004dca300000,0x0000004dca400000) (1024K)]
  0x00000210f68595d0 JavaThread "Thread-12"                  daemon [_thread_in_native, id=29408, stack(0x0000004dca400000,0x0000004dca500000) (1024K)]
  0x00000210f949e8d0 JavaThread "Thread-13"                  daemon [_thread_in_native, id=29436, stack(0x0000004dca500000,0x0000004dca600000) (1024K)]
  0x00000210f949ef60 JavaThread "Thread-14"                  daemon [_thread_in_native, id=29404, stack(0x0000004dca600000,0x0000004dca700000) (1024K)]
  0x00000210f949c800 JavaThread "Thread-15"                  daemon [_thread_in_native, id=30412, stack(0x0000004dca700000,0x0000004dca800000) (1024K)]
  0x00000210f949adc0 JavaThread "Thread-16"                  daemon [_thread_in_native, id=30328, stack(0x0000004dca800000,0x0000004dca900000) (1024K)]
  0x00000210f9497fd0 JavaThread "Thread-17"                  daemon [_thread_in_native, id=22608, stack(0x0000004dca900000,0x0000004dcaa00000) (1024K)]
  0x00000210f9499a10 JavaThread "Thread-18"                  daemon [_thread_in_native, id=26308, stack(0x0000004dcaa00000,0x0000004dcab00000) (1024K)]
  0x00000210f949e240 JavaThread "Thread-19"                  daemon [_thread_in_native, id=13708, stack(0x0000004dcab00000,0x0000004dcac00000) (1024K)]
  0x00000210f9498cf0 JavaThread "Thread-20"                  daemon [_thread_in_native, id=29560, stack(0x0000004dcac00000,0x0000004dcad00000) (1024K)]
  0x00000210f949d520 JavaThread "Thread-21"                  daemon [_thread_in_native, id=27684, stack(0x0000004dcad00000,0x0000004dcae00000) (1024K)]
  0x00000210f9498660 JavaThread "Thread-22"                  daemon [_thread_in_native, id=24348, stack(0x0000004dcae00000,0x0000004dcaf00000) (1024K)]
  0x00000210f949f5f0 JavaThread "pool-2-thread-1"                   [_thread_blocked, id=30132, stack(0x0000004dcaf00000,0x0000004dcb000000) (1024K)]
  0x00000210f84e0d50 JavaThread "C2 CompilerThread4"         daemon [_thread_blocked, id=29496, stack(0x0000004dcb000000,0x0000004dcb100000) (1024K)]
  0x00000210f84e13f0 JavaThread "C2 CompilerThread5"         daemon [_thread_blocked, id=6548, stack(0x0000004dcb100000,0x0000004dcb200000) (1024K)]
  0x00000210f976e700 JavaThread "C2 CompilerThread6"         daemon [_thread_blocked, id=30348, stack(0x0000004dcb200000,0x0000004dcb300000) (1024K)]
  0x00000210fa64e730 JavaThread "C2 CompilerThread7"         daemon [_thread_in_native, id=30356, stack(0x0000004dcb300000,0x0000004dcb400000) (1024K)]
  0x00000210f9499380 JavaThread "WorkspaceEventsHandler"            [_thread_blocked, id=30368, stack(0x0000004dcb400000,0x0000004dcb500000) (1024K)]
  0x00000210f949a0a0 JavaThread "pool-1-thread-1"                   [_thread_blocked, id=30372, stack(0x0000004dcb500000,0x0000004dcb600000) (1024K)]
  0x00000210f949ce90 JavaThread "Worker-4"                          [_thread_blocked, id=30500, stack(0x0000004dcb600000,0x0000004dcb700000) (1024K)]
Total: 60

Other Threads:
  0x000002109889e780 VMThread "VM Thread"                           [id=30192, stack(0x0000004dc6d00000,0x0000004dc6e00000) (1024K)]
  0x00000210acaaca10 WatcherThread "VM Periodic Task Thread"        [id=30208, stack(0x0000004dc6c00000,0x0000004dc6d00000) (1024K)]
  0x00000210987fdf40 WorkerThread "GC Thread#0"                     [id=30228, stack(0x0000004dc6b00000,0x0000004dc6c00000) (1024K)]
  0x00000210f61e4b70 WorkerThread "GC Thread#1"                     [id=25328, stack(0x0000004dc7e00000,0x0000004dc7f00000) (1024K)]
  0x00000210f15a0100 WorkerThread "GC Thread#2"                     [id=23132, stack(0x0000004dc7f00000,0x0000004dc8000000) (1024K)]
  0x00000210f6105a60 WorkerThread "GC Thread#3"                     [id=10296, stack(0x0000004dc8000000,0x0000004dc8100000) (1024K)]
  0x00000210f6105e00 WorkerThread "GC Thread#4"                     [id=9400, stack(0x0000004dc8100000,0x0000004dc8200000) (1024K)]
  0x00000210f62c1350 WorkerThread "GC Thread#5"                     [id=24436, stack(0x0000004dc8200000,0x0000004dc8300000) (1024K)]
  0x00000210f62d9680 WorkerThread "GC Thread#6"                     [id=10556, stack(0x0000004dc8300000,0x0000004dc8400000) (1024K)]
  0x00000210f616e480 WorkerThread "GC Thread#7"                     [id=29164, stack(0x0000004dc8500000,0x0000004dc8600000) (1024K)]
  0x00000210f69da210 WorkerThread "GC Thread#8"                     [id=4688, stack(0x0000004dc8a00000,0x0000004dc8b00000) (1024K)]
  0x00000210f6c84f30 WorkerThread "GC Thread#9"                     [id=24300, stack(0x0000004dc8b00000,0x0000004dc8c00000) (1024K)]
  0x00000210f6a587d0 WorkerThread "GC Thread#10"                    [id=13564, stack(0x0000004dc8c00000,0x0000004dc8d00000) (1024K)]
  0x00000210f6a58430 WorkerThread "GC Thread#11"                    [id=1096, stack(0x0000004dc8f00000,0x0000004dc9000000) (1024K)]
  0x00000210f6a58090 WorkerThread "GC Thread#12"                    [id=10744, stack(0x0000004dc9000000,0x0000004dc9100000) (1024K)]
  0x00000210f6a58f10 WorkerThread "GC Thread#13"                    [id=18300, stack(0x0000004dc9200000,0x0000004dc9300000) (1024K)]
  0x00000210f6a59650 WorkerThread "GC Thread#14"                    [id=14352, stack(0x0000004dc9300000,0x0000004dc9400000) (1024K)]
Total: 17

Threads with active compile tasks:
C2 CompilerThread0  3933 7052   !   4       org.eclipse.jdt.internal.core.search.indexing.BinaryIndexer::indexDocument (1204 bytes)
C1 CompilerThread1  3933 7208   !   3       java.lang.reflect.Field::declaredAnnotations (82 bytes)
C2 CompilerThread1  3933 7198   !   4       java.nio.channels.Channels$ReadableByteChannelImpl::read (210 bytes)
C2 CompilerThread2  3933 6923 %     4       org.eclipse.jdt.internal.core.search.indexing.BinaryIndexer::extractReferenceFromConstantPool @ 155 (358 bytes)
C2 CompilerThread3  3933 7125   !   4       org.eclipse.jdt.internal.compiler.classfmt.ClassFileReader::<init> (2135 bytes)
C2 CompilerThread4  3933 6242       4       org.eclipse.jdt.internal.compiler.util.JrtFileSystem$2::visitFile (10 bytes)
C2 CompilerThread5  3933 7091  s    4       sun.nio.ch.ChannelInputStream::read (77 bytes)
C2 CompilerThread6  3933 6243       4       org.eclipse.jdt.internal.compiler.util.JrtFileSystem$2::visitFile (72 bytes)
C2 CompilerThread7  3933 7105       4       org.eclipse.jdt.internal.core.search.indexing.AbstractIndexer::addConstructorReference (58 bytes)
Total: 9

VM state: at safepoint (normal execution)

VM Mutex/Monitor currently owned by a thread:  ([mutex/lock_event])
[0x00007ffe01c1e380] Threads_lock - owner thread: 0x000002109889e780
[0x00007ffe01c1e480] Heap_lock - owner thread: 0x00000210f6857500

Heap address: 0x00000000c0000000, size: 1024 MB, Compressed Oops mode: 32-bit

CDS archive(s) mapped at: [0x00000210ad000000-0x00000210adba0000-0x00000210adba0000), size 12189696, SharedBaseAddress: 0x00000210ad000000, ArchiveRelocationMode: 1.
Compressed class space mapped at: 0x00000210ae000000-0x00000210ee000000, reserved size: 1073741824
Narrow klass base: 0x00000210ad000000, Narrow klass shift: 0, Narrow klass range: 0x100000000

GC Precious Log:
 CardTable entry size: 512
 CPUs: 20 total, 20 available
 Memory: 16068M
 Large Page Support: Disabled
 NUMA Support: Disabled
 Compressed Oops: Enabled (32-bit)
 Alignments: Space 512K, Generation 512K, Heap 2M
 Heap Min Capacity: 100M
 Heap Initial Capacity: 100M
 Heap Max Capacity: 1G
 Pre-touch: Disabled
 Parallel Workers: 15

Heap:
 PSYoungGen      total 7168K, used 7140K [0x00000000eab00000, 0x00000000eb700000, 0x0000000100000000)
  eden space 6144K, 100% used [0x00000000eab00000,0x00000000eb100000,0x00000000eb100000)
  from space 1024K, 97% used [0x00000000eb400000,0x00000000eb4f91b0,0x00000000eb500000)
  to   space 3072K, 49% used [0x00000000eb100000,0x00000000eb27e850,0x00000000eb400000)
 ParOldGen       total 141312K, used 140972K [0x00000000c0000000, 0x00000000c8a00000, 0x00000000eab00000)
  object space 141312K, 99% used [0x00000000c0000000,0x00000000c89ab368,0x00000000c8a00000)
 Metaspace       used 43125K, committed 44352K, reserved 1114112K
  class space    used 4398K, committed 4928K, reserved 1048576K

Card table byte_map: [0x00000210981b0000,0x00000210983c0000] _byte_map_base: 0x0000021097bb0000

Marking Bits: (ParMarkBitMap*) 0x00007ffe01c23260
 Begin Bits: [0x00000210aa9d0000, 0x00000210ab9d0000)
 End Bits:   [0x00000210ab9d0000, 0x00000210ac9d0000)

Polling page: 0x0000021097fa0000

Metaspace:

Usage:
  Non-class:     37.82 MB used.
      Class:      4.30 MB used.
       Both:     42.12 MB used.

Virtual space:
  Non-class space:       64.00 MB reserved,      38.50 MB ( 60%) committed,  1 nodes.
      Class space:        1.00 GB reserved,       4.81 MB ( <1%) committed,  1 nodes.
             Both:        1.06 GB reserved,      43.31 MB (  4%) committed. 

Chunk freelists:
   Non-Class:  8.67 MB
       Class:  11.14 MB
        Both:  19.81 MB

MaxMetaspaceSize: unlimited
CompressedClassSpaceSize: 1.00 GB
Initial GC threshold: 21.00 MB
Current GC threshold: 58.38 MB
CDS: on
 - commit_granule_bytes: 65536.
 - commit_granule_words: 8192.
 - virtual_space_node_default_size: 8388608.
 - enlarge_chunks_in_place: 1.
 - use_allocation_guard: 0.


Internal statistics:

num_allocs_failed_limit: 6.
num_arena_births: 976.
num_arena_deaths: 14.
num_vsnodes_births: 2.
num_vsnodes_deaths: 0.
num_space_committed: 693.
num_space_uncommitted: 0.
num_chunks_returned_to_freelist: 20.
num_chunks_taken_from_freelist: 2945.
num_chunk_merges: 12.
num_chunk_splits: 1827.
num_chunks_enlarged: 985.
num_inconsistent_stats: 0.

CodeHeap 'non-profiled nmethods': size=119168Kb used=3552Kb max_used=3552Kb free=115615Kb
 bounds [0x00000210a3570000, 0x00000210a38f0000, 0x00000210aa9d0000]
CodeHeap 'profiled nmethods': size=119104Kb used=13990Kb max_used=13990Kb free=105114Kb
 bounds [0x000002109b9d0000, 0x000002109c780000, 0x00000210a2e20000]
CodeHeap 'non-nmethods': size=7488Kb used=3072Kb max_used=3175Kb free=4416Kb
 bounds [0x00000210a2e20000, 0x00000210a3140000, 0x00000210a3570000]
 total_blobs=7200 nmethods=6514 adapters=589
 compilation: enabled
              stopped_count=0, restarted_count=0
 full_count=0

Compilation events (20 events):
Event: 3.900 Thread 0x00000210ef4876b0 nmethod 7183 0x000002109c770290 code [0x000002109c770540, 0x000002109c770ec0]
Event: 3.900 Thread 0x00000210f698ede0 nmethod 5523 0x00000210a38e4510 code [0x00000210a38e46a0, 0x00000210a38e47c0]
Event: 3.901 Thread 0x00000210fa64e730 nmethod 7055 0x00000210a38e4910 code [0x00000210a38e4b00, 0x00000210a38e51a8]
Event: 3.901 Thread 0x00000210f698ede0 5524       4       java.time.temporal.ValueRange::checkValidValue (24 bytes)
Event: 3.902 Thread 0x00000210ef6b3150 nmethod 7190 0x000002109c771510 code [0x000002109c771860, 0x000002109c772d10]
Event: 3.903 Thread 0x00000210fa64e730 5525       4       java.time.format.DateTimeParseContext::currentParsed (20 bytes)
Event: 3.903 Thread 0x00000210ef6b3150 7192   !   2       com.google.inject.spi.InjectionPoint::getInjectionPoints (491 bytes)
Event: 3.903 Thread 0x00000210f698ede0 nmethod 5524 0x00000210a38e5610 code [0x00000210a38e57a0, 0x00000210a38e58a0]
Event: 3.904 Thread 0x00000210f84e13f0 nmethod 7048 0x00000210a38e5990 code [0x00000210a38e5be0, 0x00000210a38e68e8]
Event: 3.904 Thread 0x00000210f698ede0 7099       4       org.eclipse.jdt.internal.core.search.indexing.BinaryIndexer::extractClassName (42 bytes)
Event: 3.906 Thread 0x00000210f84e13f0 7091  s    4       sun.nio.ch.ChannelInputStream::read (77 bytes)
Event: 3.906 Thread 0x00000210fa64e730 nmethod 5525 0x00000210a38e7290 code [0x00000210a38e7440, 0x00000210a38e75b0]
Event: 3.906 Thread 0x00000210fa64e730 7105       4       org.eclipse.jdt.internal.core.search.indexing.AbstractIndexer::addConstructorReference (58 bytes)
Event: 3.907 Thread 0x00000210ef3f64c0 7194       2       com.google.inject.spi.Elements$RecordingBinder::bind (6 bytes)
Event: 3.907 Thread 0x00000210ef3f64c0 nmethod 7194 0x000002109c773710 code [0x000002109c7738c0, 0x000002109c7739e8]
Event: 3.907 Thread 0x00000210ef6b3150 nmethod 7192 0x000002109c773a90 code [0x000002109c773ec0, 0x000002109c7753d8]
Event: 3.909 Thread 0x00000210ef6a0620 7196       2       jdk.internal.org.objectweb.asm.SymbolTable::addUninitializedType (103 bytes)
Event: 3.910 Thread 0x00000210ef6a0620 nmethod 7196 0x000002109c776310 code [0x000002109c776500, 0x000002109c7768a0]
Event: 3.912 Thread 0x00000210f698ede0 nmethod 7099 0x00000210a38e7790 code [0x00000210a38e7960, 0x00000210a38e7ec0]
Event: 3.913 Thread 0x00000210f698ede0 7198   !   4       java.nio.channels.Channels$ReadableByteChannelImpl::read (210 bytes)

GC Heap History (20 events):
Event: 3.780 GC heap before
{Heap before GC invocations=61 (full 2):
 PSYoungGen      total 8192K, used 7709K [0x00000000eab00000, 0x00000000eb500000, 0x0000000100000000)
  eden space 6144K, 100% used [0x00000000eab00000,0x00000000eb100000,0x00000000eb100000)
  from space 2048K, 76% used [0x00000000eb300000,0x00000000eb487448,0x00000000eb500000)
  to   space 2048K, 0% used [0x00000000eb100000,0x00000000eb100000,0x00000000eb300000)
 ParOldGen       total 126976K, used 126573K [0x00000000c0000000, 0x00000000c7c00000, 0x00000000eab00000)
  object space 126976K, 99% used [0x00000000c0000000,0x00000000c7b9b520,0x00000000c7c00000)
 Metaspace       used 42576K, committed 43776K, reserved 1114112K
  class space    used 4325K, committed 4864K, reserved 1048576K
}
Event: 3.781 GC heap after
{Heap after GC invocations=61 (full 2):
 PSYoungGen      total 7680K, used 1416K [0x00000000eab00000, 0x00000000eb400000, 0x0000000100000000)
  eden space 6144K, 0% used [0x00000000eab00000,0x00000000eab00000,0x00000000eb100000)
  from space 1536K, 92% used [0x00000000eb100000,0x00000000eb262148,0x00000000eb280000)
  to   space 1536K, 0% used [0x00000000eb280000,0x00000000eb280000,0x00000000eb400000)
 ParOldGen       total 128000K, used 127885K [0x00000000c0000000, 0x00000000c7d00000, 0x00000000eab00000)
  object space 128000K, 99% used [0x00000000c0000000,0x00000000c7ce3678,0x00000000c7d00000)
 Metaspace       used 42576K, committed 43776K, reserved 1114112K
  class space    used 4325K, committed 4864K, reserved 1048576K
}
Event: 3.795 GC heap before
{Heap before GC invocations=62 (full 2):
 PSYoungGen      total 7680K, used 7560K [0x00000000eab00000, 0x00000000eb400000, 0x0000000100000000)
  eden space 6144K, 100% used [0x00000000eab00000,0x00000000eb100000,0x00000000eb100000)
  from space 1536K, 92% used [0x00000000eb100000,0x00000000eb262148,0x00000000eb280000)
  to   space 1536K, 0% used [0x00000000eb280000,0x00000000eb280000,0x00000000eb400000)
 ParOldGen       total 128000K, used 127885K [0x00000000c0000000, 0x00000000c7d00000, 0x00000000eab00000)
  object space 128000K, 99% used [0x00000000c0000000,0x00000000c7ce3678,0x00000000c7d00000)
 Metaspace       used 42609K, committed 43776K, reserved 1114112K
  class space    used 4332K, committed 4864K, reserved 1048576K
}
Event: 3.795 GC heap after
{Heap after GC invocations=62 (full 2):
 PSYoungGen      total 7680K, used 1505K [0x00000000eab00000, 0x00000000eb400000, 0x0000000100000000)
  eden space 6144K, 0% used [0x00000000eab00000,0x00000000eab00000,0x00000000eb100000)
  from space 1536K, 98% used [0x00000000eb280000,0x00000000eb3f8610,0x00000000eb400000)
  to   space 1536K, 0% used [0x00000000eb100000,0x00000000eb100000,0x00000000eb280000)
 ParOldGen       total 129536K, used 129155K [0x00000000c0000000, 0x00000000c7e80000, 0x00000000eab00000)
  object space 129536K, 99% used [0x00000000c0000000,0x00000000c7e20ef8,0x00000000c7e80000)
 Metaspace       used 42609K, committed 43776K, reserved 1114112K
  class space    used 4332K, committed 4864K, reserved 1048576K
}
Event: 3.808 GC heap before
{Heap before GC invocations=63 (full 2):
 PSYoungGen      total 7680K, used 7649K [0x00000000eab00000, 0x00000000eb400000, 0x0000000100000000)
  eden space 6144K, 100% used [0x00000000eab00000,0x00000000eb100000,0x00000000eb100000)
  from space 1536K, 98% used [0x00000000eb280000,0x00000000eb3f8610,0x00000000eb400000)
  to   space 1536K, 0% used [0x00000000eb100000,0x00000000eb100000,0x00000000eb280000)
 ParOldGen       total 129536K, used 129155K [0x00000000c0000000, 0x00000000c7e80000, 0x00000000eab00000)
  object space 129536K, 99% used [0x00000000c0000000,0x00000000c7e20ef8,0x00000000c7e80000)
 Metaspace       used 42654K, committed 43840K, reserved 1114112K
  class space    used 4336K, committed 4864K, reserved 1048576K
}
Event: 3.809 GC heap after
{Heap after GC invocations=63 (full 2):
 PSYoungGen      total 7680K, used 1513K [0x00000000eab00000, 0x00000000eb800000, 0x0000000100000000)
  eden space 6144K, 0% used [0x00000000eab00000,0x00000000eab00000,0x00000000eb100000)
  from space 1536K, 98% used [0x00000000eb100000,0x00000000eb27a718,0x00000000eb280000)
  to   space 3584K, 0% used [0x00000000eb480000,0x00000000eb480000,0x00000000eb800000)
 ParOldGen       total 130560K, used 130514K [0x00000000c0000000, 0x00000000c7f80000, 0x00000000eab00000)
  object space 130560K, 99% used [0x00000000c0000000,0x00000000c7f749d0,0x00000000c7f80000)
 Metaspace       used 42654K, committed 43840K, reserved 1114112K
  class space    used 4336K, committed 4864K, reserved 1048576K
}
Event: 3.821 GC heap before
{Heap before GC invocations=64 (full 2):
 PSYoungGen      total 7680K, used 7657K [0x00000000eab00000, 0x00000000eb800000, 0x0000000100000000)
  eden space 6144K, 100% used [0x00000000eab00000,0x00000000eb100000,0x00000000eb100000)
  from space 1536K, 98% used [0x00000000eb100000,0x00000000eb27a718,0x00000000eb280000)
  to   space 3584K, 0% used [0x00000000eb480000,0x00000000eb480000,0x00000000eb800000)
 ParOldGen       total 130560K, used 130514K [0x00000000c0000000, 0x00000000c7f80000, 0x00000000eab00000)
  object space 130560K, 99% used [0x00000000c0000000,0x00000000c7f749d0,0x00000000c7f80000)
 Metaspace       used 42716K, committed 43904K, reserved 1114112K
  class space    used 4343K, committed 4864K, reserved 1048576K
}
Event: 3.822 GC heap after
{Heap after GC invocations=64 (full 2):
 PSYoungGen      total 7680K, used 1494K [0x00000000eab00000, 0x00000000eb600000, 0x0000000100000000)
  eden space 6144K, 0% used [0x00000000eab00000,0x00000000eab00000,0x00000000eb100000)
  from space 1536K, 97% used [0x00000000eb480000,0x00000000eb5f5a18,0x00000000eb600000)
  to   space 2048K, 0% used [0x00000000eb200000,0x00000000eb200000,0x00000000eb400000)
 ParOldGen       total 132096K, used 131752K [0x00000000c0000000, 0x00000000c8100000, 0x00000000eab00000)
  object space 132096K, 99% used [0x00000000c0000000,0x00000000c80aa0c0,0x00000000c8100000)
 Metaspace       used 42716K, committed 43904K, reserved 1114112K
  class space    used 4343K, committed 4864K, reserved 1048576K
}
Event: 3.837 GC heap before
{Heap before GC invocations=65 (full 2):
 PSYoungGen      total 7680K, used 7638K [0x00000000eab00000, 0x00000000eb600000, 0x0000000100000000)
  eden space 6144K, 100% used [0x00000000eab00000,0x00000000eb100000,0x00000000eb100000)
  from space 1536K, 97% used [0x00000000eb480000,0x00000000eb5f5a18,0x00000000eb600000)
  to   space 2048K, 0% used [0x00000000eb200000,0x00000000eb200000,0x00000000eb400000)
 ParOldGen       total 132096K, used 131752K [0x00000000c0000000, 0x00000000c8100000, 0x00000000eab00000)
  object space 132096K, 99% used [0x00000000c0000000,0x00000000c80aa0c0,0x00000000c8100000)
 Metaspace       used 42751K, committed 43904K, reserved 1114112K
  class space    used 4350K, committed 4864K, reserved 1048576K
}
Event: 3.838 GC heap after
{Heap after GC invocations=65 (full 2):
 PSYoungGen      total 7680K, used 1520K [0x00000000eab00000, 0x00000000eb500000, 0x0000000100000000)
  eden space 6144K, 0% used [0x00000000eab00000,0x00000000eab00000,0x00000000eb100000)
  from space 1536K, 98% used [0x00000000eb200000,0x00000000eb37c040,0x00000000eb380000)
  to   space 1536K, 0% used [0x00000000eb380000,0x00000000eb380000,0x00000000eb500000)
 ParOldGen       total 133120K, used 133023K [0x00000000c0000000, 0x00000000c8200000, 0x00000000eab00000)
  object space 133120K, 99% used [0x00000000c0000000,0x00000000c81e7ec8,0x00000000c8200000)
 Metaspace       used 42751K, committed 43904K, reserved 1114112K
  class space    used 4350K, committed 4864K, reserved 1048576K
}
Event: 3.853 GC heap before
{Heap before GC invocations=66 (full 2):
 PSYoungGen      total 7680K, used 7664K [0x00000000eab00000, 0x00000000eb500000, 0x0000000100000000)
  eden space 6144K, 100% used [0x00000000eab00000,0x00000000eb100000,0x00000000eb100000)
  from space 1536K, 98% used [0x00000000eb200000,0x00000000eb37c040,0x00000000eb380000)
  to   space 1536K, 0% used [0x00000000eb380000,0x00000000eb380000,0x00000000eb500000)
 ParOldGen       total 133120K, used 133023K [0x00000000c0000000, 0x00000000c8200000, 0x00000000eab00000)
  object space 133120K, 99% used [0x00000000c0000000,0x00000000c81e7ec8,0x00000000c8200000)
 Metaspace       used 42846K, committed 43968K, reserved 1114112K
  class space    used 4358K, committed 4864K, reserved 1048576K
}
Event: 3.854 GC heap after
{Heap after GC invocations=66 (full 2):
 PSYoungGen      total 7680K, used 1519K [0x00000000eab00000, 0x00000000eb500000, 0x0000000100000000)
  eden space 6144K, 0% used [0x00000000eab00000,0x00000000eab00000,0x00000000eb100000)
  from space 1536K, 98% used [0x00000000eb380000,0x00000000eb4fbda0,0x00000000eb500000)
  to   space 1536K, 0% used [0x00000000eb200000,0x00000000eb200000,0x00000000eb380000)
 ParOldGen       total 134656K, used 134348K [0x00000000c0000000, 0x00000000c8380000, 0x00000000eab00000)
  object space 134656K, 99% used [0x00000000c0000000,0x00000000c8333368,0x00000000c8380000)
 Metaspace       used 42846K, committed 43968K, reserved 1114112K
  class space    used 4358K, committed 4864K, reserved 1048576K
}
Event: 3.866 GC heap before
{Heap before GC invocations=67 (full 2):
 PSYoungGen      total 7680K, used 7663K [0x00000000eab00000, 0x00000000eb500000, 0x0000000100000000)
  eden space 6144K, 100% used [0x00000000eab00000,0x00000000eb100000,0x00000000eb100000)
  from space 1536K, 98% used [0x00000000eb380000,0x00000000eb4fbda0,0x00000000eb500000)
  to   space 1536K, 0% used [0x00000000eb200000,0x00000000eb200000,0x00000000eb380000)
 ParOldGen       total 134656K, used 134348K [0x00000000c0000000, 0x00000000c8380000, 0x00000000eab00000)
  object space 134656K, 99% used [0x00000000c0000000,0x00000000c8333368,0x00000000c8380000)
 Metaspace       used 42879K, committed 44096K, reserved 1114112K
  class space    used 4365K, committed 4928K, reserved 1048576K
}
Event: 3.867 GC heap after
{Heap after GC invocations=67 (full 2):
 PSYoungGen      total 7680K, used 1512K [0x00000000eab00000, 0x00000000eb700000, 0x0000000100000000)
  eden space 6144K, 0% used [0x00000000eab00000,0x00000000eab00000,0x00000000eb100000)
  from space 1536K, 98% used [0x00000000eb200000,0x00000000eb37a1d8,0x00000000eb380000)
  to   space 3072K, 0% used [0x00000000eb400000,0x00000000eb400000,0x00000000eb700000)
 ParOldGen       total 135680K, used 135609K [0x00000000c0000000, 0x00000000c8480000, 0x00000000eab00000)
  object space 135680K, 99% used [0x00000000c0000000,0x00000000c846e780,0x00000000c8480000)
 Metaspace       used 42879K, committed 44096K, reserved 1114112K
  class space    used 4365K, committed 4928K, reserved 1048576K
}
Event: 3.878 GC heap before
{Heap before GC invocations=68 (full 2):
 PSYoungGen      total 7680K, used 7656K [0x00000000eab00000, 0x00000000eb700000, 0x0000000100000000)
  eden space 6144K, 100% used [0x00000000eab00000,0x00000000eb100000,0x00000000eb100000)
  from space 1536K, 98% used [0x00000000eb200000,0x00000000eb37a1d8,0x00000000eb380000)
  to   space 3072K, 0% used [0x00000000eb400000,0x00000000eb400000,0x00000000eb700000)
 ParOldGen       total 135680K, used 135609K [0x00000000c0000000, 0x00000000c8480000, 0x00000000eab00000)
  object space 135680K, 99% used [0x00000000c0000000,0x00000000c846e780,0x00000000c8480000)
 Metaspace       used 42929K, committed 44096K, reserved 1114112K
  class space    used 4374K, committed 4928K, reserved 1048576K
}
Event: 3.879 GC heap after
{Heap after GC invocations=68 (full 2):
 PSYoungGen      total 8192K, used 1582K [0x00000000eab00000, 0x00000000eb600000, 0x0000000100000000)
  eden space 6144K, 0% used [0x00000000eab00000,0x00000000eab00000,0x00000000eb100000)
  from space 2048K, 77% used [0x00000000eb400000,0x00000000eb58b8f0,0x00000000eb600000)
  to   space 2048K, 0% used [0x00000000eb200000,0x00000000eb200000,0x00000000eb400000)
 ParOldGen       total 137216K, used 136959K [0x00000000c0000000, 0x00000000c8600000, 0x00000000eab00000)
  object space 137216K, 99% used [0x00000000c0000000,0x00000000c85bffb0,0x00000000c8600000)
 Metaspace       used 42929K, committed 44096K, reserved 1114112K
  class space    used 4374K, committed 4928K, reserved 1048576K
}
Event: 3.889 GC heap before
{Heap before GC invocations=69 (full 2):
 PSYoungGen      total 8192K, used 7726K [0x00000000eab00000, 0x00000000eb600000, 0x0000000100000000)
  eden space 6144K, 100% used [0x00000000eab00000,0x00000000eb100000,0x00000000eb100000)
  from space 2048K, 77% used [0x00000000eb400000,0x00000000eb58b8f0,0x00000000eb600000)
  to   space 2048K, 0% used [0x00000000eb200000,0x00000000eb200000,0x00000000eb400000)
 ParOldGen       total 137216K, used 136959K [0x00000000c0000000, 0x00000000c8600000, 0x00000000eab00000)
  object space 137216K, 99% used [0x00000000c0000000,0x00000000c85bffb0,0x00000000c8600000)
 Metaspace       used 42970K, committed 44160K, reserved 1114112K
  class space    used 4379K, committed 4928K, reserved 1048576K
}
Event: 3.890 GC heap after
{Heap after GC invocations=69 (full 2):
 PSYoungGen      total 8192K, used 1564K [0x00000000eab00000, 0x00000000eb500000, 0x0000000100000000)
  eden space 6144K, 0% used [0x00000000eab00000,0x00000000eab00000,0x00000000eb100000)
  from space 2048K, 76% used [0x00000000eb200000,0x00000000eb387348,0x00000000eb400000)
  to   space 1024K, 0% used [0x00000000eb400000,0x00000000eb400000,0x00000000eb500000)
 ParOldGen       total 138752K, used 138299K [0x00000000c0000000, 0x00000000c8780000, 0x00000000eab00000)
  object space 138752K, 99% used [0x00000000c0000000,0x00000000c870ec60,0x00000000c8780000)
 Metaspace       used 42970K, committed 44160K, reserved 1114112K
  class space    used 4379K, committed 4928K, reserved 1048576K
}
Event: 3.905 GC heap before
{Heap before GC invocations=70 (full 2):
 PSYoungGen      total 8192K, used 7708K [0x00000000eab00000, 0x00000000eb500000, 0x0000000100000000)
  eden space 6144K, 100% used [0x00000000eab00000,0x00000000eb100000,0x00000000eb100000)
  from space 2048K, 76% used [0x00000000eb200000,0x00000000eb387348,0x00000000eb400000)
  to   space 1024K, 0% used [0x00000000eb400000,0x00000000eb400000,0x00000000eb500000)
 ParOldGen       total 138752K, used 138299K [0x00000000c0000000, 0x00000000c8780000, 0x00000000eab00000)
  object space 138752K, 99% used [0x00000000c0000000,0x00000000c870ec60,0x00000000c8780000)
 Metaspace       used 43037K, committed 44288K, reserved 1114112K
  class space    used 4386K, committed 4928K, reserved 1048576K
}
Event: 3.906 GC heap after
{Heap after GC invocations=70 (full 2):
 PSYoungGen      total 7168K, used 996K [0x00000000eab00000, 0x00000000eb700000, 0x0000000100000000)
  eden space 6144K, 0% used [0x00000000eab00000,0x00000000eab00000,0x00000000eb100000)
  from space 1024K, 97% used [0x00000000eb400000,0x00000000eb4f91b0,0x00000000eb500000)
  to   space 3072K, 0% used [0x00000000eb100000,0x00000000eb100000,0x00000000eb400000)
 ParOldGen       total 140288K, used 140022K [0x00000000c0000000, 0x00000000c8900000, 0x00000000eab00000)
  object space 140288K, 99% used [0x00000000c0000000,0x00000000c88bd9e8,0x00000000c8900000)
 Metaspace       used 43037K, committed 44288K, reserved 1114112K
  class space    used 4386K, committed 4928K, reserved 1048576K
}

Dll operation events (10 events):
Event: 0.005 Loaded shared library c:\Users\jose1\.vscode\extensions\redhat.java-1.41.1-win32-x64\jre\21.0.6-win32-x86_64\bin\java.dll
Event: 0.047 Loaded shared library c:\Users\jose1\.vscode\extensions\redhat.java-1.41.1-win32-x64\jre\21.0.6-win32-x86_64\bin\zip.dll
Event: 0.059 Loaded shared library C:\Users\jose1\.vscode\extensions\redhat.java-1.41.1-win32-x64\jre\21.0.6-win32-x86_64\bin\instrument.dll
Event: 0.062 Loaded shared library C:\Users\jose1\.vscode\extensions\redhat.java-1.41.1-win32-x64\jre\21.0.6-win32-x86_64\bin\net.dll
Event: 0.063 Loaded shared library C:\Users\jose1\.vscode\extensions\redhat.java-1.41.1-win32-x64\jre\21.0.6-win32-x86_64\bin\nio.dll
Event: 0.064 Loaded shared library C:\Users\jose1\.vscode\extensions\redhat.java-1.41.1-win32-x64\jre\21.0.6-win32-x86_64\bin\zip.dll
Event: 0.072 Loaded shared library C:\Users\jose1\.vscode\extensions\redhat.java-1.41.1-win32-x64\jre\21.0.6-win32-x86_64\bin\jimage.dll
Event: 0.107 Loaded shared library c:\Users\jose1\.vscode\extensions\redhat.java-1.41.1-win32-x64\jre\21.0.6-win32-x86_64\bin\verify.dll
Event: 0.630 Loaded shared library C:\Users\jose1\AppData\Roaming\Code\User\globalStorage\redhat.java\1.41.1\config_win\org.eclipse.equinox.launcher\org.eclipse.equinox.launcher.win32.win32.x86_64_1.2.1300.v20250331-1702\eclipse_11911.dll
Event: 1.344 Loaded shared library C:\Users\jose1\AppData\Local\Temp\jna-101313722\jna6902783696061178717.dll

Deoptimization events (20 events):
Event: 3.886 Thread 0x00000210f68539f0 DEOPT PACKING pc=0x000002109c58080a sp=0x0000004dc96fe5f0
Event: 3.886 Thread 0x00000210f68539f0 DEOPT UNPACKING pc=0x00000210a2e74242 sp=0x0000004dc96fdb78 mode 0
Event: 3.890 Thread 0x00000210f68539f0 DEOPT PACKING pc=0x000002109c571153 sp=0x0000004dc96fe630
Event: 3.890 Thread 0x00000210f68539f0 DEOPT UNPACKING pc=0x00000210a2e74242 sp=0x0000004dc96fdb98 mode 0
Event: 3.892 Thread 0x00000210f68539f0 DEOPT PACKING pc=0x000002109c58080a sp=0x0000004dc96fe5f0
Event: 3.892 Thread 0x00000210f68539f0 DEOPT UNPACKING pc=0x00000210a2e74242 sp=0x0000004dc96fdb78 mode 0
Event: 3.893 Thread 0x00000210f68539f0 DEOPT PACKING pc=0x000002109c571153 sp=0x0000004dc96fe630
Event: 3.893 Thread 0x00000210f68539f0 DEOPT UNPACKING pc=0x00000210a2e74242 sp=0x0000004dc96fdb98 mode 0
Event: 3.896 Thread 0x00000210f68539f0 DEOPT PACKING pc=0x000002109c58080a sp=0x0000004dc96fe5f0
Event: 3.896 Thread 0x00000210f68539f0 DEOPT UNPACKING pc=0x00000210a2e74242 sp=0x0000004dc96fdb78 mode 0
Event: 3.901 Thread 0x00000210f68539f0 DEOPT PACKING pc=0x000002109c571153 sp=0x0000004dc96fe630
Event: 3.901 Thread 0x00000210f68539f0 DEOPT UNPACKING pc=0x00000210a2e74242 sp=0x0000004dc96fdb98 mode 0
Event: 3.902 Thread 0x00000210f68539f0 DEOPT PACKING pc=0x000002109c58080a sp=0x0000004dc96fe5f0
Event: 3.902 Thread 0x00000210f68539f0 DEOPT UNPACKING pc=0x00000210a2e74242 sp=0x0000004dc96fdb78 mode 0
Event: 3.909 Thread 0x00000210f68539f0 DEOPT PACKING pc=0x000002109c58080a sp=0x0000004dc96fe5f0
Event: 3.909 Thread 0x00000210f68539f0 DEOPT UNPACKING pc=0x00000210a2e74242 sp=0x0000004dc96fdb78 mode 0
Event: 3.910 Thread 0x00000210f68539f0 DEOPT PACKING pc=0x000002109c571153 sp=0x0000004dc96fe630
Event: 3.910 Thread 0x00000210f68539f0 DEOPT UNPACKING pc=0x00000210a2e74242 sp=0x0000004dc96fdb98 mode 0
Event: 3.913 Thread 0x00000210f68539f0 DEOPT PACKING pc=0x000002109c571153 sp=0x0000004dc96fe630
Event: 3.913 Thread 0x00000210f68539f0 DEOPT UNPACKING pc=0x00000210a2e74242 sp=0x0000004dc96fdb98 mode 0

Classes loaded (20 events):
Event: 3.152 Loading class sun/reflect/annotation/AnnotatedTypeFactory
Event: 3.152 Loading class sun/reflect/annotation/AnnotatedTypeFactory done
Event: 3.152 Loading class sun/reflect/annotation/AnnotatedTypeFactory$AnnotatedTypeBaseImpl
Event: 3.153 Loading class sun/reflect/annotation/AnnotatedTypeFactory$AnnotatedTypeBaseImpl done
Event: 3.153 Loading class java/util/stream/Streams$ConcatSpliterator$OfRef
Event: 3.153 Loading class java/util/stream/Streams$ConcatSpliterator
Event: 3.153 Loading class java/util/stream/Streams$ConcatSpliterator done
Event: 3.153 Loading class java/util/stream/Streams$ConcatSpliterator$OfRef done
Event: 3.154 Loading class java/util/stream/Streams$2
Event: 3.157 Loading class java/util/stream/Streams$2 done
Event: 3.170 Loading class jdk/internal/math/FormattedFPDecimal
Event: 3.170 Loading class jdk/internal/math/FormattedFPDecimal done
Event: 3.270 Loading class java/lang/annotation/ElementType
Event: 3.270 Loading class java/lang/annotation/ElementType done
Event: 3.422 Loading class java/lang/annotation/IncompleteAnnotationException
Event: 3.422 Loading class java/lang/annotation/IncompleteAnnotationException done
Event: 3.897 Loading class sun/reflect/annotation/AnnotatedTypeFactory$AnnotatedParameterizedTypeImpl
Event: 3.897 Loading class java/lang/reflect/AnnotatedParameterizedType
Event: 3.897 Loading class java/lang/reflect/AnnotatedParameterizedType done
Event: 3.897 Loading class sun/reflect/annotation/AnnotatedTypeFactory$AnnotatedParameterizedTypeImpl done

Classes unloaded (7 events):
Event: 1.632 Thread 0x000002109889e780 Unloading class 0x00000210ae19bc00 'java/lang/invoke/LambdaForm$MH+0x00000210ae19bc00'
Event: 1.632 Thread 0x000002109889e780 Unloading class 0x00000210ae19b800 'java/lang/invoke/LambdaForm$MH+0x00000210ae19b800'
Event: 1.632 Thread 0x000002109889e780 Unloading class 0x00000210ae19b400 'java/lang/invoke/LambdaForm$MH+0x00000210ae19b400'
Event: 1.632 Thread 0x000002109889e780 Unloading class 0x00000210ae19b000 'java/lang/invoke/LambdaForm$MH+0x00000210ae19b000'
Event: 1.632 Thread 0x000002109889e780 Unloading class 0x00000210ae19ac00 'java/lang/invoke/LambdaForm$BMH+0x00000210ae19ac00'
Event: 1.632 Thread 0x000002109889e780 Unloading class 0x00000210ae19a800 'java/lang/invoke/LambdaForm$DMH+0x00000210ae19a800'
Event: 1.632 Thread 0x000002109889e780 Unloading class 0x00000210ae199400 'java/lang/invoke/LambdaForm$DMH+0x00000210ae199400'

Classes redefined (0 events):
No events

Internal exceptions (20 events):
Event: 2.899 Thread 0x00000210f6851fb0 Exception <a 'java/io/FileNotFoundException'{0x00000000eabf04a8}> (0x00000000eabf04a8) 
thrown [s\src\hotspot\share\prims\jni.cpp, line 520]
Event: 2.899 Thread 0x00000210f6851fb0 Exception <a 'java/io/FileNotFoundException'{0x00000000eabf1200}> (0x00000000eabf1200) 
thrown [s\src\hotspot\share\prims\jni.cpp, line 520]
Event: 2.900 Thread 0x00000210f68539f0 Implicit null exception at 0x00000210a36384da to 0x00000210a36385d8
Event: 2.929 Thread 0x00000210f6853360 Exception <a 'sun/nio/fs/WindowsException'{0x00000000eb729ce0}> (0x00000000eb729ce0) 
thrown [s\src\hotspot\share\prims\jni.cpp, line 520]
Event: 2.929 Thread 0x00000210f6853360 Exception <a 'sun/nio/fs/WindowsException'{0x00000000eb72a310}> (0x00000000eb72a310) 
thrown [s\src\hotspot\share\prims\jni.cpp, line 520]
Event: 2.967 Thread 0x00000210f6853360 Exception <a 'sun/nio/fs/WindowsException'{0x00000000eb679c38}> (0x00000000eb679c38) 
thrown [s\src\hotspot\share\prims\jni.cpp, line 520]
Event: 2.967 Thread 0x00000210f6853360 Exception <a 'sun/nio/fs/WindowsException'{0x00000000eb67a518}> (0x00000000eb67a518) 
thrown [s\src\hotspot\share\prims\jni.cpp, line 520]
Event: 3.039 Thread 0x00000210f949a0a0 Exception <a 'java/io/FileNotFoundException'{0x00000000eab4cda8}> (0x00000000eab4cda8) 
thrown [s\src\hotspot\share\prims\jni.cpp, line 520]
Event: 3.055 Thread 0x00000210f6853360 Exception <a 'java/io/FileNotFoundException'{0x00000000eb21b148}> (0x00000000eb21b148) 
thrown [s\src\hotspot\share\prims\jni.cpp, line 520]
Event: 3.055 Thread 0x00000210f6853360 Exception <a 'java/io/FileNotFoundException'{0x00000000eb21c140}> (0x00000000eb21c140) 
thrown [s\src\hotspot\share\prims\jni.cpp, line 520]
Event: 3.064 Thread 0x00000210f6853360 Exception <a 'java/io/FileNotFoundException'{0x00000000eb40ed10}> (0x00000000eb40ed10) 
thrown [s\src\hotspot\share\prims\jni.cpp, line 520]
Event: 3.065 Thread 0x00000210f6853360 Exception <a 'java/io/FileNotFoundException'{0x00000000eb6a23a0}> (0x00000000eb6a23a0) 
thrown [s\src\hotspot\share\prims\jni.cpp, line 520]
Event: 3.065 Thread 0x00000210f6853360 Exception <a 'java/io/FileNotFoundException'{0x00000000eb6a33b8}> (0x00000000eb6a33b8) 
thrown [s\src\hotspot\share\prims\jni.cpp, line 520]
Event: 3.088 Thread 0x00000210f949a0a0 Exception <a 'java/lang/NoSuchMethodError'{0x00000000ead7eea0}: 'java.lang.Object java.lang.invoke.DirectMethodHandle$Holder.invokeStatic(java.lang.Object, int, java.lang.Object, java.lang.Object)'> (0x00000000ead7eea0) 
thrown [s\src\hotspot\share\interpreter\linkResolver.cpp, line 773]
Event: 3.088 Thread 0x00000210f949a0a0 Exception <a 'java/lang/NoSuchMethodError'{0x00000000eae46828}: 'java.lang.Object java.lang.invoke.DelegatingMethodHandle$Holder.delegate(java.lang.Object, int, java.lang.Object, java.lang.Object)'> (0x00000000eae46828) 
thrown [s\src\hotspot\share\interpreter\linkResolver.cpp, line 773]
Event: 3.090 Thread 0x00000210f949a0a0 Implicit null exception at 0x00000210a35973f6 to 0x00000210a359772c
Event: 3.092 Thread 0x00000210f949a0a0 Exception <a 'java/lang/NoSuchMethodError'{0x00000000eb0614f0}: 'int java.lang.invoke.Invokers$Holder.linkToTargetMethod(java.lang.Object, java.lang.Object, java.lang.Object)'> (0x00000000eb0614f0) 
thrown [s\src\hotspot\share\interpreter\linkResolver.cpp, line 773]
Event: 3.164 Thread 0x00000210f6853360 Exception <a 'java/lang/NoSuchMethodError'{0x00000000eaffac20}: 'int java.lang.invoke.DirectMethodHandle$Holder.invokeSpecialIFC(java.lang.Object, java.lang.Object, java.lang.Object, java.lang.Object)'> (0x00000000eaffac20) 
thrown [s\src\hotspot\share\interpreter\linkResolver.cpp, line 773]
Event: 3.198 Thread 0x00000210f6857500 Exception <a 'java/lang/NoSuchMethodError'{0x00000000eb0a38a8}: 'int java.lang.invoke.DirectMethodHandle$Holder.invokeStatic(java.lang.Object, java.lang.Object, java.lang.Object, java.lang.Object, java.lang.Object)'> (0x00000000eb0a38a8) 
thrown [s\src\hotspot\share\interpreter\linkResolver.cpp, line 773]
Event: 3.423 Thread 0x00000210f6857500 Exception <a 'java/lang/NoClassDefFoundError'{0x00000000eb2b8618}: javax/enterprise/inject/Typed> (0x00000000eb2b8618) 
thrown [s\src\hotspot\share\classfile\systemDictionary.cpp, line 301]

ZGC Phase Switch (0 events):
No events

VM Operations (20 events):
Event: 3.780 Executing VM operation: ParallelGCFailedAllocation (Allocation Failure)
Event: 3.781 Executing VM operation: ParallelGCFailedAllocation (Allocation Failure) done
Event: 3.794 Executing VM operation: ParallelGCFailedAllocation (Allocation Failure)
Event: 3.795 Executing VM operation: ParallelGCFailedAllocation (Allocation Failure) done
Event: 3.807 Executing VM operation: ParallelGCFailedAllocation (Allocation Failure)
Event: 3.809 Executing VM operation: ParallelGCFailedAllocation (Allocation Failure) done
Event: 3.821 Executing VM operation: ParallelGCFailedAllocation (Allocation Failure)
Event: 3.822 Executing VM operation: ParallelGCFailedAllocation (Allocation Failure) done
Event: 3.837 Executing VM operation: ParallelGCFailedAllocation (Allocation Failure)
Event: 3.838 Executing VM operation: ParallelGCFailedAllocation (Allocation Failure) done
Event: 3.852 Executing VM operation: ParallelGCFailedAllocation (Allocation Failure)
Event: 3.854 Executing VM operation: ParallelGCFailedAllocation (Allocation Failure) done
Event: 3.866 Executing VM operation: ParallelGCFailedAllocation (Allocation Failure)
Event: 3.867 Executing VM operation: ParallelGCFailedAllocation (Allocation Failure) done
Event: 3.877 Executing VM operation: ParallelGCFailedAllocation (Allocation Failure)
Event: 3.879 Executing VM operation: ParallelGCFailedAllocation (Allocation Failure) done
Event: 3.889 Executing VM operation: ParallelGCFailedAllocation (Allocation Failure)
Event: 3.890 Executing VM operation: ParallelGCFailedAllocation (Allocation Failure) done
Event: 3.905 Executing VM operation: ParallelGCFailedAllocation (Allocation Failure)
Event: 3.906 Executing VM operation: ParallelGCFailedAllocation (Allocation Failure) done

Memory protections (0 events):
No events

Nmethod flushes (20 events):
Event: 2.453 Thread 0x000002109889e780 flushing  nmethod 0x000002109c0cdb10
Event: 2.453 Thread 0x000002109889e780 flushing  nmethod 0x000002109c0cf510
Event: 2.453 Thread 0x000002109889e780 flushing  nmethod 0x000002109c0cfc90
Event: 2.453 Thread 0x000002109889e780 flushing  nmethod 0x000002109c0d1210
Event: 2.453 Thread 0x000002109889e780 flushing  nmethod 0x000002109c0d1710
Event: 2.453 Thread 0x000002109889e780 flushing  nmethod 0x000002109c0d2010
Event: 2.453 Thread 0x000002109889e780 flushing  nmethod 0x000002109c0d3410
Event: 2.453 Thread 0x000002109889e780 flushing  nmethod 0x000002109c0d4e90
Event: 2.453 Thread 0x000002109889e780 flushing  nmethod 0x000002109c0d6910
Event: 2.453 Thread 0x000002109889e780 flushing  nmethod 0x000002109c116d90
Event: 2.453 Thread 0x000002109889e780 flushing  nmethod 0x000002109c11ca10
Event: 2.453 Thread 0x000002109889e780 flushing  nmethod 0x000002109c124410
Event: 2.453 Thread 0x000002109889e780 flushing  nmethod 0x000002109c1b1e10
Event: 2.453 Thread 0x000002109889e780 flushing  nmethod 0x000002109c1bf090
Event: 2.453 Thread 0x000002109889e780 flushing  nmethod 0x000002109c1de210
Event: 2.453 Thread 0x000002109889e780 flushing  nmethod 0x000002109c21bd10
Event: 2.453 Thread 0x000002109889e780 flushing  nmethod 0x000002109c22ab90
Event: 2.453 Thread 0x000002109889e780 flushing  nmethod 0x000002109c22b010
Event: 2.453 Thread 0x000002109889e780 flushing  nmethod 0x000002109c22bf90
Event: 2.453 Thread 0x000002109889e780 flushing  nmethod 0x000002109c275590

Events (20 events):
Event: 2.144 Thread 0x00000210987e00e0 Thread added: 0x00000210f6858220
Event: 2.144 Thread 0x00000210987e00e0 Thread added: 0x00000210f68595d0
Event: 2.144 Thread 0x00000210987e00e0 Thread added: 0x00000210f949e8d0
Event: 2.144 Thread 0x00000210987e00e0 Thread added: 0x00000210f949ef60
Event: 2.144 Thread 0x00000210987e00e0 Thread added: 0x00000210f949c800
Event: 2.144 Thread 0x00000210987e00e0 Thread added: 0x00000210f949adc0
Event: 2.144 Thread 0x00000210987e00e0 Thread added: 0x00000210f9497fd0
Event: 2.145 Thread 0x00000210987e00e0 Thread added: 0x00000210f9499a10
Event: 2.145 Thread 0x00000210987e00e0 Thread added: 0x00000210f949e240
Event: 2.145 Thread 0x00000210987e00e0 Thread added: 0x00000210f9498cf0
Event: 2.145 Thread 0x00000210987e00e0 Thread added: 0x00000210f949d520
Event: 2.145 Thread 0x00000210987e00e0 Thread added: 0x00000210f9498660
Event: 2.167 Thread 0x00000210987e00e0 Thread added: 0x00000210f949f5f0
Event: 2.192 Thread 0x00000210ef3f64c0 Thread added: 0x00000210f84e0d50
Event: 2.193 Thread 0x00000210ef6a0620 Thread added: 0x00000210f84e13f0
Event: 2.193 Thread 0x00000210ef4876b0 Thread added: 0x00000210f976e700
Event: 2.195 Thread 0x00000210ef6a0620 Thread added: 0x00000210fa64e730
Event: 2.470 Thread 0x00000210987e00e0 Thread added: 0x00000210f9499380
Event: 2.471 Thread 0x00000210987e00e0 Thread added: 0x00000210f949a0a0
Event: 2.927 Thread 0x00000210f6851fb0 Thread added: 0x00000210f949ce90


Dynamic libraries:
0x00007ff6b7e70000 - 0x00007ff6b7e7e000 	c:\Users\jose1\.vscode\extensions\redhat.java-1.41.1-win32-x64\jre\21.0.6-win32-x86_64\bin\java.exe
0x00007fff07df0000 - 0x00007fff08007000 	C:\Windows\SYSTEM32\ntdll.dll
0x00007fff07420000 - 0x00007fff074e4000 	C:\Windows\System32\KERNEL32.DLL
0x00007fff053d0000 - 0x00007fff057a3000 	C:\Windows\System32\KERNELBASE.dll
0x00007fff05140000 - 0x00007fff05251000 	C:\Windows\System32\ucrtbase.dll
0x00007ffec3cd0000 - 0x00007ffec3ce8000 	c:\Users\jose1\.vscode\extensions\redhat.java-1.41.1-win32-x64\jre\21.0.6-win32-x86_64\bin\jli.dll
0x00007ffec9880000 - 0x00007ffec989e000 	c:\Users\jose1\.vscode\extensions\redhat.java-1.41.1-win32-x64\jre\21.0.6-win32-x86_64\bin\VCRUNTIME140.dll
0x00007fff07a20000 - 0x00007fff07bd1000 	C:\Windows\System32\USER32.dll
0x00007fff04fc0000 - 0x00007fff04fe6000 	C:\Windows\System32\win32u.dll
0x00007ffef41f0000 - 0x00007ffef4488000 	C:\Windows\WinSxS\amd64_microsoft.windows.common-controls_6595b64144ccf1df_6.0.22621.5124_none_270e8f4f7386d69d\COMCTL32.dll
0x00007fff072e0000 - 0x00007fff07309000 	C:\Windows\System32\GDI32.dll
0x00007fff07630000 - 0x00007fff076d7000 	C:\Windows\System32\msvcrt.dll
0x00007fff058f0000 - 0x00007fff05a0b000 	C:\Windows\System32\gdi32full.dll
0x00007fff050a0000 - 0x00007fff0513a000 	C:\Windows\System32\msvcp_win.dll
0x00007fff06700000 - 0x00007fff06731000 	C:\Windows\System32\IMM32.DLL
0x00007ffee8510000 - 0x00007ffee851c000 	c:\Users\jose1\.vscode\extensions\redhat.java-1.41.1-win32-x64\jre\21.0.6-win32-x86_64\bin\vcruntime140_1.dll
0x00007ffe99670000 - 0x00007ffe996fd000 	c:\Users\jose1\.vscode\extensions\redhat.java-1.41.1-win32-x64\jre\21.0.6-win32-x86_64\bin\msvcp140.dll
0x00007ffe00f70000 - 0x00007ffe01d00000 	c:\Users\jose1\.vscode\extensions\redhat.java-1.41.1-win32-x64\jre\21.0.6-win32-x86_64\bin\server\jvm.dll
0x00007fff07be0000 - 0x00007fff07c91000 	C:\Windows\System32\ADVAPI32.dll
0x00007fff07810000 - 0x00007fff078b8000 	C:\Windows\System32\sechost.dll
0x00007fff04ff0000 - 0x00007fff05018000 	C:\Windows\System32\bcrypt.dll
0x00007fff06880000 - 0x00007fff06994000 	C:\Windows\System32\RPCRT4.dll
0x00007fff07790000 - 0x00007fff07801000 	C:\Windows\System32\WS2_32.dll
0x00007fff03d80000 - 0x00007fff03dcd000 	C:\Windows\SYSTEM32\POWRPROF.dll
0x00007fff01e20000 - 0x00007fff01e54000 	C:\Windows\SYSTEM32\WINMM.dll
0x00007ffefbc30000 - 0x00007ffefbc3a000 	C:\Windows\SYSTEM32\VERSION.dll
0x00007fff03d60000 - 0x00007fff03d73000 	C:\Windows\SYSTEM32\UMPDC.dll
0x00007fff04020000 - 0x00007fff04038000 	C:\Windows\SYSTEM32\kernel.appcore.dll
0x00007ffedd6f0000 - 0x00007ffedd6fa000 	c:\Users\jose1\.vscode\extensions\redhat.java-1.41.1-win32-x64\jre\21.0.6-win32-x86_64\bin\jimage.dll
0x00007fff02340000 - 0x00007fff02572000 	C:\Windows\SYSTEM32\DBGHELP.DLL
0x00007fff06360000 - 0x00007fff066f2000 	C:\Windows\System32\combase.dll
0x00007fff05f10000 - 0x00007fff05fe7000 	C:\Windows\System32\OLEAUT32.dll
0x00007ffef8820000 - 0x00007ffef8852000 	C:\Windows\SYSTEM32\dbgcore.DLL
0x00007fff05020000 - 0x00007fff0509b000 	C:\Windows\System32\bcryptPrimitives.dll
0x00007ffed51a0000 - 0x00007ffed51af000 	c:\Users\jose1\.vscode\extensions\redhat.java-1.41.1-win32-x64\jre\21.0.6-win32-x86_64\bin\instrument.dll
0x00007ffebbd40000 - 0x00007ffebbd5f000 	c:\Users\jose1\.vscode\extensions\redhat.java-1.41.1-win32-x64\jre\21.0.6-win32-x86_64\bin\java.dll
0x00007fff069b0000 - 0x00007fff07246000 	C:\Windows\System32\SHELL32.dll
0x00007fff057b0000 - 0x00007fff058ef000 	C:\Windows\System32\wintypes.dll
0x00007fff02df0000 - 0x00007fff0370a000 	C:\Windows\SYSTEM32\windows.storage.dll
0x00007fff07ca0000 - 0x00007fff07daa000 	C:\Windows\System32\SHCORE.dll
0x00007fff074f0000 - 0x00007fff07553000 	C:\Windows\System32\shlwapi.dll
0x00007fff04e30000 - 0x00007fff04e5b000 	C:\Windows\SYSTEM32\profapi.dll
0x00007ffeb36e0000 - 0x00007ffeb36f8000 	c:\Users\jose1\.vscode\extensions\redhat.java-1.41.1-win32-x64\jre\21.0.6-win32-x86_64\bin\zip.dll
0x00007ffed4d70000 - 0x00007ffed4d80000 	C:\Users\jose1\.vscode\extensions\redhat.java-1.41.1-win32-x64\jre\21.0.6-win32-x86_64\bin\net.dll
0x00007fff00950000 - 0x00007fff00a7c000 	C:\Windows\SYSTEM32\WINHTTP.dll
0x00007fff044a0000 - 0x00007fff0450a000 	C:\Windows\system32\mswsock.dll
0x00007ffeb36a0000 - 0x00007ffeb36b6000 	C:\Users\jose1\.vscode\extensions\redhat.java-1.41.1-win32-x64\jre\21.0.6-win32-x86_64\bin\nio.dll
0x00007ffed4bf0000 - 0x00007ffed4c00000 	c:\Users\jose1\.vscode\extensions\redhat.java-1.41.1-win32-x64\jre\21.0.6-win32-x86_64\bin\verify.dll
0x00007ffe986b0000 - 0x00007ffe986f5000 	C:\Users\jose1\AppData\Roaming\Code\User\globalStorage\redhat.java\1.41.1\config_win\org.eclipse.equinox.launcher\org.eclipse.equinox.launcher.win32.win32.x86_64_1.2.1300.v20250331-1702\eclipse_11911.dll
0x00007fff05ff0000 - 0x00007fff06191000 	C:\Windows\System32\ole32.dll
0x00007fff046f0000 - 0x00007fff0470b000 	C:\Windows\SYSTEM32\CRYPTSP.dll
0x00007fff03f80000 - 0x00007fff03fb7000 	C:\Windows\system32\rsaenh.dll
0x00007fff04590000 - 0x00007fff045b8000 	C:\Windows\SYSTEM32\USERENV.dll
0x00007fff04710000 - 0x00007fff0471c000 	C:\Windows\SYSTEM32\CRYPTBASE.dll
0x00007fff039e0000 - 0x00007fff03a0d000 	C:\Windows\SYSTEM32\IPHLPAPI.DLL
0x00007fff076e0000 - 0x00007fff076e9000 	C:\Windows\System32\NSI.dll
0x00007ffe943a0000 - 0x00007ffe943e9000 	C:\Users\jose1\AppData\Local\Temp\jna-101313722\jna6902783696061178717.dll
0x00007fff069a0000 - 0x00007fff069a8000 	C:\Windows\System32\PSAPI.DLL
0x00007fff00660000 - 0x00007fff00679000 	C:\Windows\SYSTEM32\dhcpcsvc6.DLL
0x00007fff00640000 - 0x00007fff0065f000 	C:\Windows\SYSTEM32\dhcpcsvc.DLL

dbghelp: loaded successfully - version: 4.0.5 - missing functions: none
symbol engine: initialized successfully - sym options: 0x614 - pdb path: .;c:\Users\jose1\.vscode\extensions\redhat.java-1.41.1-win32-x64\jre\21.0.6-win32-x86_64\bin;C:\Windows\SYSTEM32;C:\Windows\WinSxS\amd64_microsoft.windows.common-controls_6595b64144ccf1df_6.0.22621.5124_none_270e8f4f7386d69d;c:\Users\jose1\.vscode\extensions\redhat.java-1.41.1-win32-x64\jre\21.0.6-win32-x86_64\bin\server;C:\Users\jose1\AppData\Roaming\Code\User\globalStorage\redhat.java\1.41.1\config_win\org.eclipse.equinox.launcher\org.eclipse.equinox.launcher.win32.win32.x86_64_1.2.1300.v20250331-1702;C:\Users\jose1\AppData\Local\Temp\jna-101313722

VM Arguments:
jvm_args: --add-modules=ALL-SYSTEM --add-opens=java.base/java.util=ALL-UNNAMED --add-opens=java.base/java.lang=ALL-UNNAMED --add-opens=java.base/sun.nio.fs=ALL-UNNAMED -Declipse.application=org.eclipse.jdt.ls.core.id1 -Dosgi.bundles.defaultStartLevel=4 -Declipse.product=org.eclipse.jdt.ls.core.product -Djava.import.generatesMetadataFilesAtProjectRoot=false -DDetectVMInstallationsJob.disabled=true -Dfile.encoding=utf8 -XX:+UseParallelGC -XX:GCTimeRatio=4 -XX:AdaptiveSizePolicyWeight=90 -Dsun.zip.disableMemoryMapping=true -Xmx1G -Xms100m -Xlog:disable -javaagent:c:\Users\jose1\.vscode\extensions\redhat.java-1.41.1-win32-x64\lombok\lombok-1.18.36.jar -XX:+HeapDumpOnOutOfMemoryError -XX:HeapDumpPath=c:\Users\jose1\AppData\Roaming\Code\User\workspaceStorage\494390579f3a58d6098e769e5fd2aba9\redhat.java -Daether.dependencyCollector.impl=bf 
java_command: c:\Users\jose1\.vscode\extensions\redhat.java-1.41.1-win32-x64\server\plugins\org.eclipse.equinox.launcher_1.7.0.v20250331-1702.jar -configuration c:\Users\jose1\AppData\Roaming\Code\User\globalStorage\redhat.java\1.41.1\config_win -data c:\Users\jose1\AppData\Roaming\Code\User\workspaceStorage\494390579f3a58d6098e769e5fd2aba9\redhat.java\jdt_ws --pipe=\\.\pipe\lsp-6d00950f77a4de9d29050ccb2ce0c03a-sock
java_class_path (initial): c:\Users\jose1\.vscode\extensions\redhat.java-1.41.1-win32-x64\server\plugins\org.eclipse.equinox.launcher_1.7.0.v20250331-1702.jar
Launcher Type: SUN_STANDARD

[Global flags]
    uintx AdaptiveSizePolicyWeight                 = 90                                        {product} {command line}
     intx CICompilerCount                          = 12                                        {product} {ergonomic}
    uintx GCTimeRatio                              = 4                                         {product} {command line}
     bool HeapDumpOnOutOfMemoryError               = true                                   {manageable} {command line}
    ccstr HeapDumpPath                             = c:\Users\jose1\AppData\Roaming\Code\User\workspaceStorage\494390579f3a58d6098e769e5fd2aba9\redhat.java         {manageable} {command line}
   size_t InitialHeapSize                          = 104857600                                 {product} {command line}
   size_t MaxHeapSize                              = 1073741824                                {product} {command line}
   size_t MaxNewSize                               = 357564416                                 {product} {ergonomic}
   size_t MinHeapDeltaBytes                        = 524288                                    {product} {ergonomic}
   size_t MinHeapSize                              = 104857600                                 {product} {command line}
   size_t NewSize                                  = 34603008                                  {product} {ergonomic}
    uintx NonNMethodCodeHeapSize                   = 7602480                                {pd product} {ergonomic}
    uintx NonProfiledCodeHeapSize                  = 122027880                              {pd product} {ergonomic}
   size_t OldSize                                  = 70254592                                  {product} {ergonomic}
    uintx ProfiledCodeHeapSize                     = 122027880                              {pd product} {ergonomic}
    uintx ReservedCodeCacheSize                    = 251658240                              {pd product} {ergonomic}
     bool SegmentedCodeCache                       = true                                      {product} {ergonomic}
   size_t SoftMaxHeapSize                          = 1073741824                             {manageable} {ergonomic}
     bool UseCompressedOops                        = true                           {product lp64_product} {ergonomic}
     bool UseLargePagesIndividualAllocation        = false                                  {pd product} {ergonomic}
     bool UseParallelGC                            = true                                      {product} {command line}

Logging:
Log output configuration:
 #0: stdout all=off uptime,level,tags foldmultilines=false
 #1: stderr all=off uptime,level,tags foldmultilines=false

Environment Variables:
PATH=C:\Program Files\Common Files\Oracle\Java\javapath;C:\Program Files (x86)\Common Files\Intel\Shared Libraries\redist\ia32\compiler;C:\Program Files (x86)\Common Files\Intel\Shared Libraries\redist\intel64_win\compiler;C:\Program Files\NVIDIA GPU Computing Toolkit\CUDA\v11.0\bin;C:\Program Files\NVIDIA GPU Computing Toolkit\CUDA\v11.0\libnvvp;C:\Windows\system32;C:\Windows;C:\Windows\System32\Wbem;C:\Windows\System32\WindowsPowerShell\v1.0\;C:\Windows\System32\OpenSSH\;C:\Program Files\dotnet\;C:\Program Files (x86)\NVIDIA Corporation\PhysX\Common;C:\Program Files\NVIDIA Corporation\Nsight Compute 2020.1.1\;C:\ProgramData\chocolatey\bin;C:\ProgramData\chocolatey\lib\maven\apache-maven-3.9.9\bin;C:\Program Files\Java\jdk-21\bin;C:\Program Files\nodejs\;C:\Program Files\NVIDIA Corporation\NVIDIA App\NvDLISR;C:\Users\jose1\AppData\Local\Programs\Python\Python313\Scripts\;C:\Users\jose1\AppData\Local\Programs\Python\Python313\;C:\Users\jose1\AppData\Local\Programs\Python\Launcher\;C:\Users\jose1\AppData\Local\Microsoft\WindowsApps;D:\Softwares\IntelliJ IDEA 2024.2.3\bin;;C:\Users\jose1\AppData\Roaming\npm;D:\Softwares\Microsoft VS Code\bin
USERNAME=jose1
OS=Windows_NT
PROCESSOR_IDENTIFIER=Intel64 Family 6 Model 186 Stepping 2, GenuineIntel
TMP=C:\Users\jose1\AppData\Local\Temp
TEMP=C:\Users\jose1\AppData\Local\Temp




Periodic native trim disabled

---------------  S Y S T E M  ---------------

OS:
 Windows 11 , 64 bit Build 22621 (10.0.22621.5124)
OS uptime: 0 days 2:19 hours
Hyper-V role detected

CPU: total 20 (initial active 20) (10 cores per cpu, 2 threads per core) family 6 model 186 stepping 2 microcode 0x4123, cx8, cmov, fxsr, ht, mmx, 3dnowpref, sse, sse2, sse3, ssse3, sse4.1, sse4.2, popcnt, lzcnt, tsc, tscinvbit, avx, avx2, aes, erms, clmul, bmi1, bmi2, adx, sha, fma, vzeroupper, clflush, clflushopt, clwb, hv, serialize, rdtscp, rdpid, fsrm, f16c, cet_ibt, cet_ss
Processor Information for processor 0
  Max Mhz: 2400, Current Mhz: 2400, Mhz Limit: 2400
Processor Information for processor 1
  Max Mhz: 2400, Current Mhz: 2400, Mhz Limit: 2400
Processor Information for processor 2
  Max Mhz: 2400, Current Mhz: 2400, Mhz Limit: 2400
Processor Information for processor 3
  Max Mhz: 2400, Current Mhz: 2400, Mhz Limit: 2400
Processor Information for processor 4
  Max Mhz: 2400, Current Mhz: 2400, Mhz Limit: 2400
Processor Information for processor 5
  Max Mhz: 2400, Current Mhz: 2400, Mhz Limit: 2400
Processor Information for processor 6
  Max Mhz: 2400, Current Mhz: 2400, Mhz Limit: 2400
Processor Information for processor 7
  Max Mhz: 2400, Current Mhz: 2400, Mhz Limit: 2400
Processor Information for processor 8
  Max Mhz: 2400, Current Mhz: 2400, Mhz Limit: 2400
Processor Information for processor 9
  Max Mhz: 2400, Current Mhz: 2400, Mhz Limit: 2400
Processor Information for processor 10
  Max Mhz: 2400, Current Mhz: 2400, Mhz Limit: 2400
Processor Information for processor 11
  Max Mhz: 2400, Current Mhz: 2400, Mhz Limit: 2400
Processor Information for processor 12
  Max Mhz: 2400, Current Mhz: 2400, Mhz Limit: 2400
Processor Information for processor 13
  Max Mhz: 2400, Current Mhz: 2400, Mhz Limit: 2400
Processor Information for processor 14
  Max Mhz: 2400, Current Mhz: 1466, Mhz Limit: 2400
Processor Information for processor 15
  Max Mhz: 2400, Current Mhz: 1466, Mhz Limit: 2400
Processor Information for processor 16
  Max Mhz: 2400, Current Mhz: 2400, Mhz Limit: 2400
Processor Information for processor 17
  Max Mhz: 2400, Current Mhz: 2400, Mhz Limit: 2400
Processor Information for processor 18
  Max Mhz: 2400, Current Mhz: 1466, Mhz Limit: 2400
Processor Information for processor 19
  Max Mhz: 2400, Current Mhz: 2400, Mhz Limit: 2400

Memory: 4k page, system-wide physical 16068M (1663M free)
TotalPageFile size 21185M (AvailPageFile size 11M)
current process WorkingSet (physical memory assigned to process): 416M, peak: 416M
current process commit charge ("private bytes"): 437M, peak: 981M

vm_info: OpenJDK 64-Bit Server VM (21.0.6+7-LTS) for windows-amd64 JRE (21.0.6+7-LTS), built on 2025-01-21T00:00:00Z by "admin" with MS VC++ 17.7 (VS2022)

END.
